[2018-03-06T17:17:26.653] [INFO] debug - in @deviceRoute enable entry..
[2018-03-06T17:17:26.672] [INFO] debug - in @DeviceSrv @search entry...
[2018-03-06T17:18:24.819] [INFO] debug - in @deviceRoute enable entry..
[2018-03-06T17:18:24.823] [INFO] debug - in @DeviceSrv @search entry...
[2018-03-06T17:18:50.953] [INFO] debug - in @deviceRoute enable entry..
[2018-03-06T17:18:50.963] [INFO] debug - in @DeviceSrv @search entry...
[2018-03-06T17:18:59.184] [INFO] debug - in @deviceRoute enable entry..
[2018-03-06T17:18:59.185] [INFO] debug - in @DeviceSrv @search entry...
[2018-03-06T17:19:07.299] [INFO] debug - in @deviceRoute enable entry..
[2018-03-06T17:19:07.303] [INFO] debug - in @DeviceSrv @search entry...
[2018-03-06T17:19:17.120] [INFO] debug - in @deviceRoute enable entry..
[2018-03-06T17:19:17.120] [INFO] debug - in @DeviceSrv @search entry...
[2018-03-06T17:19:42.635] [INFO] debug - in @deviceRoute enable entry..
[2018-03-06T17:19:42.636] [INFO] debug - in @DeviceSrv @search entry...
[2018-03-06T17:19:52.991] [INFO] debug - in @deviceRoute enable entry..
[2018-03-06T17:19:53.007] [INFO] debug - in @DeviceSrv @search entry...
[2018-03-06T17:20:38.801] [INFO] debug - in @deviceRoute enable entry..
[2018-03-06T17:20:38.806] [INFO] debug - in @DeviceSrv @search entry...
[2018-03-06T17:21:02.718] [INFO] debug - in @deviceRoute => @create device..
[2018-03-06T17:21:02.718] [INFO] debug - in @DeviceSrv @create entry...
[2018-03-06T17:21:02.745] [INFO] debug - in @device Service @create created with id 5a9ecdfe3454ff2e78335ea3
[2018-03-06T17:21:05.835] [INFO] debug - in @deviceRoute enable entry..
[2018-03-06T17:21:05.836] [INFO] debug - in @DeviceSrv @search entry...
[2018-03-06T17:21:09.789] [INFO] debug - in @deviceRoute enable entry..
[2018-03-06T17:21:09.791] [INFO] debug - in @DeviceSrv @search entry...
[2018-03-06T17:24:51.702] [INFO] debug - in @deviceRoute enable entry..
[2018-03-06T17:24:51.703] [INFO] debug - in @DeviceSrv @search entry...
[2018-03-06T17:25:23.937] [INFO] debug - in @deviceRoute enable entry..
[2018-03-06T17:25:23.937] [INFO] debug - in @DeviceSrv @search entry...
[2018-03-06T17:25:40.088] [INFO] debug - in @deviceRoute enable entry..
[2018-03-06T17:25:40.089] [INFO] debug - in @DeviceSrv @search entry...
[2018-03-06T17:25:54.776] [INFO] debug - in @deviceRoute enable entry..
[2018-03-06T17:25:54.782] [INFO] debug - in @DeviceSrv @search entry...
[2018-03-06T17:25:57.449] [INFO] debug - in @deviceRoute enable entry..
[2018-03-06T17:25:57.451] [INFO] debug - in @DeviceSrv @search entry...
[2018-03-06T17:26:09.929] [INFO] debug - in @deviceRoute enable entry..
[2018-03-06T17:26:09.930] [INFO] debug - in @DeviceSrv @search entry...
[2018-03-06T17:26:12.406] [INFO] debug - in @deviceRoute enable entry..
[2018-03-06T17:26:12.408] [INFO] debug - in @DeviceSrv @search entry...
[2018-03-06T17:27:58.481] [INFO] debug - in @deviceRoute enable entry..
[2018-03-06T17:27:58.487] [INFO] debug - in @DeviceSrv @search entry...
[2018-03-06T17:28:08.752] [INFO] debug - in @deviceRoute enable entry..
[2018-03-06T17:28:08.752] [INFO] debug - in @DeviceSrv @search entry...
[2018-03-06T17:29:01.741] [INFO] debug - in @deviceRoute enable entry..
[2018-03-06T17:29:01.746] [INFO] debug - in @DeviceSrv @search entry...
[2018-03-06T17:30:11.177] [INFO] debug - in @deviceRoute enable entry..
[2018-03-06T17:30:11.182] [INFO] debug - in @DeviceSrv @search entry...
[2018-03-06T17:30:28.557] [INFO] debug - in @deviceRoute enable entry..
[2018-03-06T17:30:28.558] [INFO] debug - in @DeviceSrv @search entry...
[2018-03-06T17:31:29.932] [INFO] debug - in @deviceRoute enable entry..
[2018-03-06T17:31:29.933] [INFO] debug - in @DeviceSrv @search entry...
[2018-03-06T17:33:53.006] [INFO] debug - in @deviceRoute enable entry..
[2018-03-06T17:33:53.006] [INFO] debug - in @DeviceSrv @search entry...
[2018-03-06T17:34:50.288] [INFO] debug - in @deviceRoute enable entry..
[2018-03-06T17:34:50.295] [INFO] debug - in @DeviceSrv @search entry...
[2018-03-06T17:35:05.163] [INFO] debug - in @deviceRoute enable entry..
[2018-03-06T17:35:05.163] [INFO] debug - in @DeviceSrv @search entry...
[2018-03-06T17:35:19.356] [INFO] debug - in @deviceRoute enable entry..
[2018-03-06T17:35:19.357] [INFO] debug - in @DeviceSrv @search entry...
[2018-03-06T17:36:01.337] [INFO] debug - in @deviceRoute enable entry..
[2018-03-06T17:36:01.338] [INFO] debug - in @DeviceSrv @search entry...
[2018-03-06T17:36:44.342] [INFO] debug - in @deviceRoute enable entry..
[2018-03-06T17:36:44.342] [INFO] debug - in @DeviceSrv @search entry...
[2018-03-06T17:37:59.188] [INFO] debug - in @deviceRoute enable entry..
[2018-03-06T17:37:59.197] [INFO] debug - in @DeviceSrv @search entry...
[2018-03-06T17:38:16.648] [INFO] debug - in @deviceRoute enable entry..
[2018-03-06T17:38:16.652] [INFO] debug - in @DeviceSrv @search entry...
[2018-03-06T17:40:09.451] [INFO] debug - in @deviceRoute enable entry..
[2018-03-06T17:40:09.452] [INFO] debug - in @DeviceSrv @search entry...
[2018-03-06T17:41:23.577] [INFO] debug - in @deviceRoute enable entry..
[2018-03-06T17:41:23.578] [INFO] debug - in @DeviceSrv @search entry...
[2018-03-06T17:41:46.593] [INFO] debug - in @deviceRoute enable entry..
[2018-03-06T17:41:46.598] [INFO] debug - in @DeviceSrv @search entry...
[2018-03-06T17:42:16.014] [INFO] debug - in @deviceRoute enable entry..
[2018-03-06T17:42:16.015] [INFO] debug - in @DeviceSrv @search entry...
[2018-03-06T17:43:24.669] [INFO] debug - in @deviceRoute enable entry..
[2018-03-06T17:43:24.670] [INFO] debug - in @DeviceSrv @search entry...
[2018-03-06T17:43:39.938] [INFO] debug - in @deviceRoute enable entry..
[2018-03-06T17:43:39.941] [INFO] debug - in @DeviceSrv @search entry...
[2018-03-06T17:43:54.125] [INFO] debug - in @deviceRoute enable entry..
[2018-03-06T17:43:54.127] [INFO] debug - in @DeviceSrv @search entry...
[2018-03-06T17:45:47.002] [INFO] debug - in @deviceRoute enable entry..
[2018-03-06T17:45:47.003] [INFO] debug - in @DeviceSrv @search entry...
[2018-03-06T17:45:51.892] [INFO] debug - in @deviceRoute enable entry..
[2018-03-06T17:45:51.893] [INFO] debug - in @DeviceSrv @search entry...
[2018-03-06T17:46:00.840] [INFO] debug - in @deviceRoute enable entry..
[2018-03-06T17:46:00.841] [INFO] debug - in @DeviceSrv @search entry...
[2018-03-06T17:46:24.081] [INFO] debug - in @deviceRoute enable entry..
[2018-03-06T17:46:24.081] [INFO] debug - in @DeviceSrv @search entry...
[2018-03-06T17:48:34.688] [INFO] debug - in @deviceRoute enable entry..
[2018-03-06T17:48:34.688] [INFO] debug - in @DeviceSrv @search entry...
[2018-03-06T17:48:58.426] [INFO] debug - in @deviceRoute enable entry..
[2018-03-06T17:48:58.427] [INFO] debug - in @DeviceSrv @search entry...
[2018-03-06T17:50:31.878] [INFO] debug - in @deviceRoute enable entry..
[2018-03-06T17:50:31.881] [INFO] debug - in @DeviceSrv @search entry...
[2018-03-06T17:51:07.372] [INFO] debug - in @deviceRoute enable entry..
[2018-03-06T17:51:07.373] [INFO] debug - in @DeviceSrv @search entry...
[2018-03-06T17:51:34.566] [INFO] debug - in @deviceRoute enable entry..
[2018-03-06T17:51:34.567] [INFO] debug - in @DeviceSrv @search entry...
[2018-03-06T17:51:50.763] [INFO] debug - in @deviceRoute enable entry..
[2018-03-06T17:51:50.766] [INFO] debug - in @DeviceSrv @search entry...
[2018-03-06T17:51:53.501] [INFO] debug - in @deviceRoute enable entry..
[2018-03-06T17:51:53.502] [INFO] debug - in @DeviceSrv @search entry...
[2018-03-06T17:53:45.344] [INFO] debug - in @deviceRoute enable entry..
[2018-03-06T17:53:45.344] [INFO] debug - in @DeviceSrv @search entry...
[2018-03-06T17:54:08.219] [INFO] debug - in @deviceRoute enable entry..
[2018-03-06T17:54:08.220] [INFO] debug - in @DeviceSrv @search entry...
[2018-03-06T17:54:47.430] [INFO] debug - in @deviceRoute enable entry..
[2018-03-06T17:54:47.431] [INFO] debug - in @DeviceSrv @search entry...
[2018-03-06T17:55:13.024] [INFO] debug - in @deviceRoute enable entry..
[2018-03-06T17:55:13.025] [INFO] debug - in @DeviceSrv @search entry...
[2018-03-06T17:55:19.239] [INFO] debug - in @deviceRoute enable entry..
[2018-03-06T17:55:19.240] [INFO] debug - in @DeviceSrv @search entry...
[2018-03-06T17:55:43.512] [INFO] debug - in @deviceRoute enable entry..
[2018-03-06T17:55:43.512] [INFO] debug - in @DeviceSrv @search entry...
[2018-03-06T17:55:47.162] [INFO] debug - in @deviceRoute enable entry..
[2018-03-06T17:55:47.163] [INFO] debug - in @DeviceSrv @search entry...
[2018-03-06T17:55:50.842] [INFO] debug - in @deviceRoute enable entry..
[2018-03-06T17:55:50.843] [INFO] debug - in @DeviceSrv @search entry...
[2018-03-06T17:56:07.988] [INFO] debug - in @deviceRoute enable entry..
[2018-03-06T17:56:07.991] [INFO] debug - in @DeviceSrv @search entry...
[2018-03-06T17:56:12.608] [INFO] debug - in @deviceRoute enable entry..
[2018-03-06T17:56:12.609] [INFO] debug - in @DeviceSrv @search entry...
[2018-03-06T17:56:19.364] [INFO] debug - in @deviceRoute enable entry..
[2018-03-06T17:56:19.369] [INFO] debug - in @DeviceSrv @search entry...
[2018-03-06T17:57:15.296] [INFO] debug - in @deviceRoute enable entry..
[2018-03-06T17:57:15.303] [INFO] debug - in @DeviceSrv @search entry...
[2018-03-06T17:57:43.214] [INFO] debug - in @deviceRoute enable entry..
[2018-03-06T17:57:43.218] [INFO] debug - in @DeviceSrv @search entry...
[2018-03-06T17:58:36.260] [INFO] debug - in @deviceRoute enable entry..
[2018-03-06T17:58:36.264] [INFO] debug - in @DeviceSrv @search entry...
bug - in @deviceRoute enable entry..
[2018-03-06T17:58:36.264] [INFO] debug - in @DeviceSrv @search entry...
